2025-11-29 16:28:43 | info-	MONGOD CONNECTED SUCCESSFULLY ЁЯемЁЯем
2025-11-29 16:29:36 | error-ReferenceError: ENV_CONFdIG is not defined
    at connectDB (file:///C:/DemoForFreeLance/Mumma'sBite/server/config/db.config.js:7:32)
    at file:///C:/DemoForFreeLance/Mumma'sBite/server/bin/www:7:1
    at ModuleJob.run (node:internal/modules/esm/module_job:345:25)
    at async onImport.tracePromise.__proto__ (node:internal/modules/esm/loader:651:26)
    at async asyncRunEntryPointWithESMLoader (node:internal/modules/run_main:117:5)
2025-11-29 16:29:45 | info-	MONGOD CONNECTED SUCCESSFULLY ЁЯемЁЯем
2025-11-29 16:32:44 | info-	MONGOD CONNECTED SUCCESSFULLY ЁЯемЁЯем
2025-11-29 16:32:57 | info-	MONGOD CONNECTED SUCCESSFULLY ЁЯемЁЯем
2025-11-29 16:33:00 | info-	MONGOD CONNECTED SUCCESSFULLY ЁЯемЁЯем
2025-11-29 16:33:03 | info-	MONGOD CONNECTED SUCCESSFULLY ЁЯемЁЯем
2025-11-29 16:33:04 | info-	MONGOD CONNECTED SUCCESSFULLY ЁЯемЁЯем
2025-11-29 16:33:12 | info-	MONGOD CONNECTED SUCCESSFULLY ЁЯемЁЯем
2025-11-29 16:33:20 | info-	MONGOD CONNECTED SUCCESSFULLY ЁЯемЁЯем
2025-11-29 16:33:31 | info-	MONGOD CONNECTED SUCCESSFULLY ЁЯемЁЯем
2025-11-29 16:33:33 | info-	MONGOD CONNECTED SUCCESSFULLY ЁЯемЁЯем
2025-11-29 16:33:35 | info-	MONGOD CONNECTED SUCCESSFULLY ЁЯемЁЯем
2025-11-29 16:33:48 | info-	MONGOD CONNECTED SUCCESSFULLY ЁЯемЁЯем
2025-11-29 16:33:54 | info-	MONGOD CONNECTED SUCCESSFULLY ЁЯемЁЯем
2025-11-29 16:36:47 | info-	MONGOD CONNECTED SUCCESSFULLY ЁЯемЁЯем
2025-11-29 16:36:54 | info-	MONGOD CONNECTED SUCCESSFULLY ЁЯемЁЯем
2025-11-29 16:36:58 | info-	MONGOD CONNECTED SUCCESSFULLY ЁЯемЁЯем
2025-11-29 16:37:05 | info-	MONGOD CONNECTED SUCCESSFULLY ЁЯемЁЯем
2025-11-29 16:37:14 | info-	MONGOD CONNECTED SUCCESSFULLY ЁЯемЁЯем
2025-11-29 16:37:34 | info-	MONGOD CONNECTED SUCCESSFULLY ЁЯемЁЯем
2025-11-29 16:37:36 | info-	MONGOD CONNECTED SUCCESSFULLY ЁЯемЁЯем
2025-11-29 16:37:46 | info-	MONGOD CONNECTED SUCCESSFULLY ЁЯемЁЯем
2025-11-29 16:37:49 | info-	MONGOD CONNECTED SUCCESSFULLY ЁЯемЁЯем
2025-11-29 16:37:51 | info-	MONGOD CONNECTED SUCCESSFULLY ЁЯемЁЯем
2025-11-29 16:37:54 | info-	MONGOD CONNECTED SUCCESSFULLY ЁЯемЁЯем
2025-11-29 16:37:59 | info-	MONGOD CONNECTED SUCCESSFULLY ЁЯемЁЯем
2025-11-29 16:38:00 | info-	MONGOD CONNECTED SUCCESSFULLY ЁЯемЁЯем
2025-11-29 16:38:02 | info-	MONGOD CONNECTED SUCCESSFULLY ЁЯемЁЯем
2025-11-29 16:38:04 | info-	MONGOD CONNECTED SUCCESSFULLY ЁЯемЁЯем
2025-11-29 16:38:05 | info-	MONGOD CONNECTED SUCCESSFULLY ЁЯемЁЯем
2025-11-29 16:38:07 | info-	MONGOD CONNECTED SUCCESSFULLY ЁЯемЁЯем
2025-11-29 16:38:11 | info-	MONGOD CONNECTED SUCCESSFULLY ЁЯемЁЯем
2025-11-29 16:38:13 | info-	MONGOD CONNECTED SUCCESSFULLY ЁЯемЁЯем
2025-11-29 16:38:19 | info-	MONGOD CONNECTED SUCCESSFULLY ЁЯемЁЯем
2025-11-29 16:38:24 | info-	MONGOD CONNECTED SUCCESSFULLY ЁЯемЁЯем
2025-11-29 16:38:25 | info-	MONGOD CONNECTED SUCCESSFULLY ЁЯемЁЯем
2025-11-29 16:38:27 | info-	MONGOD CONNECTED SUCCESSFULLY ЁЯемЁЯем
2025-11-29 16:38:28 | info-	MONGOD CONNECTED SUCCESSFULLY ЁЯемЁЯем
2025-11-29 16:38:30 | info-	MONGOD CONNECTED SUCCESSFULLY ЁЯемЁЯем
2025-11-29 16:38:35 | info-	MONGOD CONNECTED SUCCESSFULLY ЁЯемЁЯем
2025-11-29 16:38:38 | info-	MONGOD CONNECTED SUCCESSFULLY ЁЯемЁЯем
2025-11-29 16:38:40 | info-	MONGOD CONNECTED SUCCESSFULLY ЁЯемЁЯем
2025-11-29 16:38:47 | info-	MONGOD CONNECTED SUCCESSFULLY ЁЯемЁЯем
2025-11-29 16:38:48 | info-	MONGOD CONNECTED SUCCESSFULLY ЁЯемЁЯем
2025-11-29 16:38:50 | info-	MONGOD CONNECTED SUCCESSFULLY ЁЯемЁЯем
2025-11-29 16:38:54 | info-	MONGOD CONNECTED SUCCESSFULLY ЁЯемЁЯем
2025-11-29 16:38:57 | info-	MONGOD CONNECTED SUCCESSFULLY ЁЯемЁЯем
2025-11-29 16:39:03 | info-	MONGOD CONNECTED SUCCESSFULLY ЁЯемЁЯем
2025-11-29 16:39:04 | info-	MONGOD CONNECTED SUCCESSFULLY ЁЯемЁЯем
2025-11-29 16:39:06 | info-	MONGOD CONNECTED SUCCESSFULLY ЁЯемЁЯем
2025-11-29 16:39:11 | info-	MONGOD CONNECTED SUCCESSFULLY ЁЯемЁЯем
2025-11-29 16:39:16 | info-	MONGOD CONNECTED SUCCESSFULLY ЁЯемЁЯем
2025-11-29 16:39:22 | info-	MONGOD CONNECTED SUCCESSFULLY ЁЯемЁЯем
2025-11-29 16:39:27 | info-	MONGOD CONNECTED SUCCESSFULLY ЁЯемЁЯем
2025-11-29 16:39:31 | info-	MONGOD CONNECTED SUCCESSFULLY ЁЯемЁЯем
2025-11-29 16:39:33 | info-	MONGOD CONNECTED SUCCESSFULLY ЁЯемЁЯем
2025-11-29 16:40:29 | info-	MONGOD CONNECTED SUCCESSFULLY ЁЯемЁЯем
2025-11-29 16:40:30 | info-	MONGOD CONNECTED SUCCESSFULLY ЁЯемЁЯем
2025-11-29 16:40:33 | info-	MONGOD CONNECTED SUCCESSFULLY ЁЯемЁЯем
2025-11-29 16:41:39 | info-	MONGOD CONNECTED SUCCESSFULLY ЁЯемЁЯем
2025-11-29 16:41:51 | info-	MONGOD CONNECTED SUCCESSFULLY ЁЯемЁЯем
2025-11-29 16:41:52 | info-	MONGOD CONNECTED SUCCESSFULLY ЁЯемЁЯем
2025-11-29 16:42:39 | info-	MONGOD CONNECTED SUCCESSFULLY ЁЯемЁЯем
2025-11-29 16:42:57 | info-	MONGOD CONNECTED SUCCESSFULLY ЁЯемЁЯем
2025-11-29 16:42:59 | info-	MONGOD CONNECTED SUCCESSFULLY ЁЯемЁЯем
2025-11-29 16:44:52 | info-	MONGOD CONNECTED SUCCESSFULLY ЁЯемЁЯем
2025-11-29 16:46:41 | info-	MONGOD CONNECTED SUCCESSFULLY ЁЯемЁЯем
2025-11-29 16:46:53 | info-	MONGOD CONNECTED SUCCESSFULLY ЁЯемЁЯем
2025-11-29 16:47:09 | info-	MONGOD CONNECTED SUCCESSFULLY ЁЯемЁЯем
2025-11-29 16:47:12 | info-	MONGOD CONNECTED SUCCESSFULLY ЁЯемЁЯем
2025-11-29 16:47:14 | info-	MONGOD CONNECTED SUCCESSFULLY ЁЯемЁЯем
2025-11-29 16:47:22 | info-	MONGOD CONNECTED SUCCESSFULLY ЁЯемЁЯем
2025-11-29 16:47:28 | info-	MONGOD CONNECTED SUCCESSFULLY ЁЯемЁЯем
2025-11-29 16:47:33 | info-	MONGOD CONNECTED SUCCESSFULLY ЁЯемЁЯем
2025-11-29 16:47:36 | info-	MONGOD CONNECTED SUCCESSFULLY ЁЯемЁЯем
2025-11-29 16:47:39 | info-	MONGOD CONNECTED SUCCESSFULLY ЁЯемЁЯем
2025-11-29 16:47:41 | info-	MONGOD CONNECTED SUCCESSFULLY ЁЯемЁЯем
2025-11-29 16:47:45 | info-	MONGOD CONNECTED SUCCESSFULLY ЁЯемЁЯем
2025-11-29 16:47:47 | info-	MONGOD CONNECTED SUCCESSFULLY ЁЯемЁЯем
2025-11-29 16:47:56 | info-	MONGOD CONNECTED SUCCESSFULLY ЁЯемЁЯем
2025-11-29 16:47:59 | info-	MONGOD CONNECTED SUCCESSFULLY ЁЯемЁЯем
2025-11-29 16:48:01 | info-	MONGOD CONNECTED SUCCESSFULLY ЁЯемЁЯем
2025-11-29 16:48:05 | info-	MONGOD CONNECTED SUCCESSFULLY ЁЯемЁЯем
2025-11-29 16:48:08 | info-	MONGOD CONNECTED SUCCESSFULLY ЁЯемЁЯем
2025-11-29 16:48:10 | info-	MONGOD CONNECTED SUCCESSFULLY ЁЯемЁЯем
2025-11-29 16:48:17 | info-	MONGOD CONNECTED SUCCESSFULLY ЁЯемЁЯем
2025-11-29 16:48:18 | info-	MONGOD CONNECTED SUCCESSFULLY ЁЯемЁЯем
2025-11-29 16:48:21 | info-	MONGOD CONNECTED SUCCESSFULLY ЁЯемЁЯем
2025-11-29 16:48:25 | info-	MONGOD CONNECTED SUCCESSFULLY ЁЯемЁЯем
2025-11-29 16:48:27 | info-	MONGOD CONNECTED SUCCESSFULLY ЁЯемЁЯем
2025-11-29 16:48:31 | info-	MONGOD CONNECTED SUCCESSFULLY ЁЯемЁЯем
2025-11-29 16:48:36 | info-	MONGOD CONNECTED SUCCESSFULLY ЁЯемЁЯем
2025-11-29 16:48:37 | info-	MONGOD CONNECTED SUCCESSFULLY ЁЯемЁЯем
2025-11-29 16:48:39 | info-	MONGOD CONNECTED SUCCESSFULLY ЁЯемЁЯем
2025-11-29 16:48:40 | info-	MONGOD CONNECTED SUCCESSFULLY ЁЯемЁЯем
2025-11-29 16:48:42 | info-	MONGOD CONNECTED SUCCESSFULLY ЁЯемЁЯем
2025-11-29 16:48:44 | info-	MONGOD CONNECTED SUCCESSFULLY ЁЯемЁЯем
2025-11-29 16:48:46 | info-	MONGOD CONNECTED SUCCESSFULLY ЁЯемЁЯем
2025-11-29 16:48:47 | info-	MONGOD CONNECTED SUCCESSFULLY ЁЯемЁЯем
2025-11-29 16:48:48 | info-	MONGOD CONNECTED SUCCESSFULLY ЁЯемЁЯем
2025-11-29 16:48:57 | info-	MONGOD CONNECTED SUCCESSFULLY ЁЯемЁЯем
2025-11-29 16:49:01 | info-	MONGOD CONNECTED SUCCESSFULLY ЁЯемЁЯем
2025-11-29 16:49:04 | info-	MONGOD CONNECTED SUCCESSFULLY ЁЯемЁЯем
2025-11-29 16:49:06 | info-	MONGOD CONNECTED SUCCESSFULLY ЁЯемЁЯем
2025-11-29 16:49:10 | info-	MONGOD CONNECTED SUCCESSFULLY ЁЯемЁЯем
2025-11-29 16:49:19 | info-	MONGOD CONNECTED SUCCESSFULLY ЁЯемЁЯем
2025-11-29 16:49:20 | info-	MONGOD CONNECTED SUCCESSFULLY ЁЯемЁЯем
2025-11-29 16:49:31 | info-	MONGOD CONNECTED SUCCESSFULLY ЁЯемЁЯем
2025-11-29 16:49:37 | info-	MONGOD CONNECTED SUCCESSFULLY ЁЯемЁЯем
2025-11-29 16:49:43 | info-	MONGOD CONNECTED SUCCESSFULLY ЁЯемЁЯем
2025-11-29 16:49:58 | info-	MONGOD CONNECTED SUCCESSFULLY ЁЯемЁЯем
2025-11-29 16:50:03 | info-	MONGOD CONNECTED SUCCESSFULLY ЁЯемЁЯем
2025-11-29 16:50:06 | info-	MONGOD CONNECTED SUCCESSFULLY ЁЯемЁЯем
2025-11-29 16:50:08 | info-	MONGOD CONNECTED SUCCESSFULLY ЁЯемЁЯем
2025-11-29 16:50:10 | info-	MONGOD CONNECTED SUCCESSFULLY ЁЯемЁЯем
2025-11-29 16:50:12 | info-	MONGOD CONNECTED SUCCESSFULLY ЁЯемЁЯем
2025-11-29 16:50:15 | info-	MONGOD CONNECTED SUCCESSFULLY ЁЯемЁЯем
2025-11-29 16:50:16 | info-	MONGOD CONNECTED SUCCESSFULLY ЁЯемЁЯем
2025-11-29 16:50:19 | info-	MONGOD CONNECTED SUCCESSFULLY ЁЯемЁЯем
2025-11-29 16:50:22 | info-	MONGOD CONNECTED SUCCESSFULLY ЁЯемЁЯем
2025-11-29 16:50:24 | info-	MONGOD CONNECTED SUCCESSFULLY ЁЯемЁЯем
2025-11-29 16:50:27 | info-	MONGOD CONNECTED SUCCESSFULLY ЁЯемЁЯем
2025-11-29 16:50:29 | info-	MONGOD CONNECTED SUCCESSFULLY ЁЯемЁЯем
2025-11-29 16:50:32 | info-	MONGOD CONNECTED SUCCESSFULLY ЁЯемЁЯем
2025-11-29 16:50:34 | info-	MONGOD CONNECTED SUCCESSFULLY ЁЯемЁЯем
2025-11-29 16:50:36 | info-	MONGOD CONNECTED SUCCESSFULLY ЁЯемЁЯем
2025-11-29 16:50:43 | info-	MONGOD CONNECTED SUCCESSFULLY ЁЯемЁЯем
2025-11-29 16:50:48 | info-	MONGOD CONNECTED SUCCESSFULLY ЁЯемЁЯем
2025-11-29 16:50:51 | info-	MONGOD CONNECTED SUCCESSFULLY ЁЯемЁЯем
2025-11-29 16:50:53 | info-	MONGOD CONNECTED SUCCESSFULLY ЁЯемЁЯем
2025-11-29 16:51:04 | info-	MONGOD CONNECTED SUCCESSFULLY ЁЯемЁЯем
2025-11-29 16:51:08 | info-	MONGOD CONNECTED SUCCESSFULLY ЁЯемЁЯем
2025-11-29 16:51:13 | info-	MONGOD CONNECTED SUCCESSFULLY ЁЯемЁЯем
2025-11-29 16:51:16 | info-	MONGOD CONNECTED SUCCESSFULLY ЁЯемЁЯем
2025-11-29 16:51:17 | info-	MONGOD CONNECTED SUCCESSFULLY ЁЯемЁЯем
2025-11-29 16:51:21 | info-	MONGOD CONNECTED SUCCESSFULLY ЁЯемЁЯем
2025-11-29 16:51:25 | info-	MONGOD CONNECTED SUCCESSFULLY ЁЯемЁЯем
2025-11-29 16:51:28 | info-	MONGOD CONNECTED SUCCESSFULLY ЁЯемЁЯем
2025-11-29 16:51:30 | info-	MONGOD CONNECTED SUCCESSFULLY ЁЯемЁЯем
2025-11-29 16:51:32 | info-	MONGOD CONNECTED SUCCESSFULLY ЁЯемЁЯем
2025-11-29 16:51:34 | info-	MONGOD CONNECTED SUCCESSFULLY ЁЯемЁЯем
2025-11-29 16:51:39 | info-	MONGOD CONNECTED SUCCESSFULLY ЁЯемЁЯем
2025-11-29 16:51:42 | info-	MONGOD CONNECTED SUCCESSFULLY ЁЯемЁЯем
2025-11-29 16:51:45 | info-	MONGOD CONNECTED SUCCESSFULLY ЁЯемЁЯем
2025-11-29 16:51:46 | info-	MONGOD CONNECTED SUCCESSFULLY ЁЯемЁЯем
2025-11-29 16:51:48 | info-	MONGOD CONNECTED SUCCESSFULLY ЁЯемЁЯем
2025-11-29 16:51:50 | info-	MONGOD CONNECTED SUCCESSFULLY ЁЯемЁЯем
2025-11-29 16:51:51 | info-	MONGOD CONNECTED SUCCESSFULLY ЁЯемЁЯем
2025-11-29 16:52:14 | info-	MONGOD CONNECTED SUCCESSFULLY ЁЯемЁЯем
2025-11-29 16:52:21 | info-	MONGOD CONNECTED SUCCESSFULLY ЁЯемЁЯем
2025-11-29 16:52:24 | info-	MONGOD CONNECTED SUCCESSFULLY ЁЯемЁЯем
2025-11-29 16:52:27 | info-	MONGOD CONNECTED SUCCESSFULLY ЁЯемЁЯем
2025-11-29 16:52:30 | info-	MONGOD CONNECTED SUCCESSFULLY ЁЯемЁЯем
2025-11-29 16:52:34 | info-	MONGOD CONNECTED SUCCESSFULLY ЁЯемЁЯем
2025-11-29 20:26:59 | info-	MONGOD CONNECTED SUCCESSFULLY ЁЯемЁЯем
2025-11-29 20:40:41 | info-	MONGOD CONNECTED SUCCESSFULLY ЁЯемЁЯем
2025-11-29 20:41:04 | info-	MONGOD CONNECTED SUCCESSFULLY ЁЯемЁЯем
2025-11-29 20:41:08 | info-	MONGOD CONNECTED SUCCESSFULLY ЁЯемЁЯем
2025-11-29 20:41:13 | info-	MONGOD CONNECTED SUCCESSFULLY ЁЯемЁЯем
2025-11-29 20:41:16 | info-	MONGOD CONNECTED SUCCESSFULLY ЁЯемЁЯем
2025-11-29 20:41:33 | info-	MONGOD CONNECTED SUCCESSFULLY ЁЯемЁЯем
2025-11-29 20:41:37 | info-	MONGOD CONNECTED SUCCESSFULLY ЁЯемЁЯем
2025-11-29 20:41:47 | info-	MONGOD CONNECTED SUCCESSFULLY ЁЯемЁЯем
2025-11-29 20:41:55 | info-	MONGOD CONNECTED SUCCESSFULLY ЁЯемЁЯем
2025-11-29 20:41:56 | info-	MONGOD CONNECTED SUCCESSFULLY ЁЯемЁЯем
2025-11-29 20:42:08 | info-	MONGOD CONNECTED SUCCESSFULLY ЁЯемЁЯем
2025-11-29 20:42:13 | info-	MONGOD CONNECTED SUCCESSFULLY ЁЯемЁЯем
2025-11-29 20:42:25 | info-	MONGOD CONNECTED SUCCESSFULLY ЁЯемЁЯем
2025-11-29 20:46:40 | info-	MONGOD CONNECTED SUCCESSFULLY ЁЯемЁЯем
2025-11-29 20:46:43 | info-	MONGOD CONNECTED SUCCESSFULLY ЁЯемЁЯем
2025-11-29 20:47:15 | info-	MONGOD CONNECTED SUCCESSFULLY ЁЯемЁЯем
2025-11-29 20:47:16 | info-	MONGOD CONNECTED SUCCESSFULLY ЁЯемЁЯем
2025-11-29 20:47:24 | info-	MONGOD CONNECTED SUCCESSFULLY ЁЯемЁЯем
2025-11-29 20:49:26 | info-	MONGOD CONNECTED SUCCESSFULLY ЁЯемЁЯем
2025-11-29 20:49:28 | info-	MONGOD CONNECTED SUCCESSFULLY ЁЯемЁЯем
2025-11-29 20:49:40 | info-	New user registered: 692b0f0c3e6532e4cc0ef096
2025-11-29 20:50:15 | info-	MONGOD CONNECTED SUCCESSFULLY ЁЯемЁЯем
2025-11-29 20:53:56 | info-	New user registered: 692b100c5f87e5c3000479f8
2025-11-29 20:56:32 | info-	MONGOD CONNECTED SUCCESSFULLY ЁЯемЁЯем
2025-11-29 20:56:34 | info-	MONGOD CONNECTED SUCCESSFULLY ЁЯемЁЯем
2025-11-29 20:56:57 | info-	MONGOD CONNECTED SUCCESSFULLY ЁЯемЁЯем
2025-11-29 20:57:04 | info-	MONGOD CONNECTED SUCCESSFULLY ЁЯемЁЯем
2025-11-29 20:57:05 | info-	MONGOD CONNECTED SUCCESSFULLY ЁЯемЁЯем
2025-11-29 20:57:31 | info-	New user registered: 692b10e36e46bbf619314ee9
2025-11-29 20:58:25 | info-	MONGOD CONNECTED SUCCESSFULLY ЁЯемЁЯем
2025-11-29 20:58:31 | info-	MONGOD CONNECTED SUCCESSFULLY ЁЯемЁЯем
2025-11-29 20:58:36 | info-	MONGOD CONNECTED SUCCESSFULLY ЁЯемЁЯем
2025-11-29 21:01:13 | info-	MONGOD CONNECTED SUCCESSFULLY ЁЯемЁЯем
2025-11-29 21:01:17 | info-	MONGOD CONNECTED SUCCESSFULLY ЁЯемЁЯем
2025-11-29 21:01:59 | info-	User logged in: 692b10e36e46bbf619314ee9
2025-11-29 21:03:49 | info-	Access granted to user: 692b10e36e46bbf619314ee9
2025-11-29 21:03:53 | info-	Access granted to user: 692b10e36e46bbf619314ee9
2025-11-29 21:18:29 | info-	MONGOD CONNECTED SUCCESSFULLY ЁЯемЁЯем
2025-11-29 21:21:08 | info-	MONGOD CONNECTED SUCCESSFULLY ЁЯемЁЯем
2025-11-29 21:27:48 | info-	MONGOD CONNECTED SUCCESSFULLY ЁЯемЁЯем
2025-11-29 21:27:50 | info-	MONGOD CONNECTED SUCCESSFULLY ЁЯемЁЯем
2025-11-29 21:27:51 | info-	MONGOD CONNECTED SUCCESSFULLY ЁЯемЁЯем
2025-11-29 21:28:16 | info-	MONGOD CONNECTED SUCCESSFULLY ЁЯемЁЯем
2025-11-29 21:28:50 | info-	MONGOD CONNECTED SUCCESSFULLY ЁЯемЁЯем
2025-11-29 21:28:55 | info-	MONGOD CONNECTED SUCCESSFULLY ЁЯемЁЯем
2025-11-29 21:29:16 | info-	MONGOD CONNECTED SUCCESSFULLY ЁЯемЁЯем
2025-11-29 21:29:39 | info-	MONGOD CONNECTED SUCCESSFULLY ЁЯемЁЯем
2025-11-29 21:29:40 | info-	MONGOD CONNECTED SUCCESSFULLY ЁЯемЁЯем
2025-11-29 21:34:32 | info-	User logged in: 692b10e36e46bbf619314ee9
2025-11-29 21:34:32 | info-	Access granted to user: 692b10e36e46bbf619314ee9
2025-11-29 21:34:39 | info-	Access granted to user: 692b10e36e46bbf619314ee9
2025-11-29 21:34:39 | info-	User logged out: 692b10e36e46bbf619314ee9
2025-11-29 21:34:39 | info-	Access granted to user: 692b10e36e46bbf619314ee9
2025-11-29 21:36:06 | info-	User logged in: 692b10e36e46bbf619314ee9
2025-11-29 21:36:06 | info-	Access granted to user: 692b10e36e46bbf619314ee9
2025-11-29 21:36:10 | info-	Access granted to user: 692b10e36e46bbf619314ee9
2025-11-29 21:41:57 | info-	MONGOD CONNECTED SUCCESSFULLY ЁЯемЁЯем
2025-11-29 21:49:16 | info-	Access granted to user: 692b10e36e46bbf619314ee9
2025-11-29 21:49:21 | info-	Access granted to user: 692b10e36e46bbf619314ee9
2025-11-29 21:49:21 | info-	User logged out: 692b10e36e46bbf619314ee9
2025-11-29 21:56:12 | info-	User logged in: 692b10e36e46bbf619314ee9
2025-11-29 21:56:12 | info-	Access granted to user: 692b10e36e46bbf619314ee9
2025-11-29 22:00:57 | info-	Access granted to user: 692b10e36e46bbf619314ee9
2025-11-29 22:01:00 | info-	Access granted to user: 692b10e36e46bbf619314ee9
2025-11-29 22:02:39 | info-	Access granted to user: 692b10e36e46bbf619314ee9
2025-11-29 22:03:00 | info-	Access granted to user: 692b10e36e46bbf619314ee9
2025-11-29 22:03:34 | info-	Access granted to user: 692b10e36e46bbf619314ee9
2025-11-29 22:03:39 | info-	Access granted to user: 692b10e36e46bbf619314ee9
2025-11-29 22:03:50 | info-	Access granted to user: 692b10e36e46bbf619314ee9
2025-11-29 22:03:50 | info-	User logged out: 692b10e36e46bbf619314ee9
2025-11-29 22:04:08 | info-	User logged in: 692b10e36e46bbf619314ee9
2025-11-29 22:04:08 | info-	Access granted to user: 692b10e36e46bbf619314ee9
2025-11-29 22:16:42 | info-	MONGOD CONNECTED SUCCESSFULLY ЁЯемЁЯем
2025-11-29 22:16:56 | info-	MONGOD CONNECTED SUCCESSFULLY ЁЯемЁЯем
2025-11-29 22:16:57 | info-	MONGOD CONNECTED SUCCESSFULLY ЁЯемЁЯем
2025-11-29 22:17:00 | info-	MONGOD CONNECTED SUCCESSFULLY ЁЯемЁЯем
2025-11-29 22:17:04 | info-	MONGOD CONNECTED SUCCESSFULLY ЁЯемЁЯем
2025-11-29 22:17:06 | info-	MONGOD CONNECTED SUCCESSFULLY ЁЯемЁЯем
2025-11-29 22:17:09 | info-	MONGOD CONNECTED SUCCESSFULLY ЁЯемЁЯем
2025-11-29 22:17:11 | info-	MONGOD CONNECTED SUCCESSFULLY ЁЯемЁЯем
2025-11-29 22:17:13 | info-	MONGOD CONNECTED SUCCESSFULLY ЁЯемЁЯем
2025-11-29 22:17:24 | info-	MONGOD CONNECTED SUCCESSFULLY ЁЯемЁЯем
2025-11-29 22:17:25 | info-	MONGOD CONNECTED SUCCESSFULLY ЁЯемЁЯем
2025-11-29 22:17:33 | info-	MONGOD CONNECTED SUCCESSFULLY ЁЯемЁЯем
2025-11-29 22:17:34 | info-	MONGOD CONNECTED SUCCESSFULLY ЁЯемЁЯем
2025-11-29 22:17:38 | info-	MONGOD CONNECTED SUCCESSFULLY ЁЯемЁЯем
2025-11-29 22:17:45 | info-	MONGOD CONNECTED SUCCESSFULLY ЁЯемЁЯем
2025-11-29 22:17:57 | info-	MONGOD CONNECTED SUCCESSFULLY ЁЯемЁЯем
2025-11-29 22:17:59 | info-	MONGOD CONNECTED SUCCESSFULLY ЁЯемЁЯем
2025-11-29 22:18:01 | info-	MONGOD CONNECTED SUCCESSFULLY ЁЯемЁЯем
2025-11-29 22:18:03 | info-	MONGOD CONNECTED SUCCESSFULLY ЁЯемЁЯем
2025-11-29 22:18:09 | info-	MONGOD CONNECTED SUCCESSFULLY ЁЯемЁЯем
2025-11-29 22:18:14 | info-	MONGOD CONNECTED SUCCESSFULLY ЁЯемЁЯем
2025-11-29 22:18:15 | info-	MONGOD CONNECTED SUCCESSFULLY ЁЯемЁЯем
2025-11-29 22:18:25 | info-	MONGOD CONNECTED SUCCESSFULLY ЁЯемЁЯем
2025-11-29 22:18:27 | info-	MONGOD CONNECTED SUCCESSFULLY ЁЯемЁЯем
2025-11-29 22:18:37 | info-	MONGOD CONNECTED SUCCESSFULLY ЁЯемЁЯем
2025-11-29 22:19:30 | info-	MONGOD CONNECTED SUCCESSFULLY ЁЯемЁЯем
2025-11-29 22:19:45 | info-	MONGOD CONNECTED SUCCESSFULLY ЁЯемЁЯем
2025-11-29 22:19:50 | info-	MONGOD CONNECTED SUCCESSFULLY ЁЯемЁЯем
2025-11-29 22:20:05 | info-	MONGOD CONNECTED SUCCESSFULLY ЁЯемЁЯем
2025-11-29 22:20:06 | info-	MONGOD CONNECTED SUCCESSFULLY ЁЯемЁЯем
2025-11-29 22:20:16 | info-	MONGOD CONNECTED SUCCESSFULLY ЁЯемЁЯем
2025-11-29 22:20:19 | info-	MONGOD CONNECTED SUCCESSFULLY ЁЯемЁЯем
2025-11-29 22:20:20 | info-	MONGOD CONNECTED SUCCESSFULLY ЁЯемЁЯем
2025-11-29 22:20:28 | info-	MONGOD CONNECTED SUCCESSFULLY ЁЯемЁЯем
2025-11-29 22:20:29 | info-	MONGOD CONNECTED SUCCESSFULLY ЁЯемЁЯем
2025-11-29 22:20:31 | info-	MONGOD CONNECTED SUCCESSFULLY ЁЯемЁЯем
2025-11-29 22:20:35 | info-	MONGOD CONNECTED SUCCESSFULLY ЁЯемЁЯем
2025-11-29 22:21:08 | info-	MONGOD CONNECTED SUCCESSFULLY ЁЯемЁЯем
2025-11-29 22:21:14 | info-	MONGOD CONNECTED SUCCESSFULLY ЁЯемЁЯем
2025-11-29 22:22:16 | info-	MONGOD CONNECTED SUCCESSFULLY ЁЯемЁЯем
2025-11-29 22:22:22 | info-	MONGOD CONNECTED SUCCESSFULLY ЁЯемЁЯем
2025-11-29 22:22:27 | info-	MONGOD CONNECTED SUCCESSFULLY ЁЯемЁЯем
2025-11-29 22:22:31 | info-	MONGOD CONNECTED SUCCESSFULLY ЁЯемЁЯем
2025-11-29 22:22:35 | info-	MONGOD CONNECTED SUCCESSFULLY ЁЯемЁЯем
2025-11-29 22:22:39 | info-	MONGOD CONNECTED SUCCESSFULLY ЁЯемЁЯем
2025-11-29 22:22:40 | info-	MONGOD CONNECTED SUCCESSFULLY ЁЯемЁЯем
2025-11-29 22:23:57 | info-	MONGOD CONNECTED SUCCESSFULLY ЁЯемЁЯем
2025-11-29 22:24:03 | info-	MONGOD CONNECTED SUCCESSFULLY ЁЯемЁЯем
2025-11-29 22:24:05 | info-	MONGOD CONNECTED SUCCESSFULLY ЁЯемЁЯем
2025-11-29 22:24:08 | info-	MONGOD CONNECTED SUCCESSFULLY ЁЯемЁЯем
2025-11-29 22:24:12 | info-	MONGOD CONNECTED SUCCESSFULLY ЁЯемЁЯем
2025-11-29 22:24:13 | info-	MONGOD CONNECTED SUCCESSFULLY ЁЯемЁЯем
2025-11-29 22:24:14 | info-	MONGOD CONNECTED SUCCESSFULLY ЁЯемЁЯем
2025-11-29 22:24:15 | info-	MONGOD CONNECTED SUCCESSFULLY ЁЯемЁЯем
2025-11-29 22:24:16 | info-	MONGOD CONNECTED SUCCESSFULLY ЁЯемЁЯем
2025-11-29 22:24:41 | info-	MONGOD CONNECTED SUCCESSFULLY ЁЯемЁЯем
2025-11-29 22:24:44 | info-	MONGOD CONNECTED SUCCESSFULLY ЁЯемЁЯем
2025-11-29 22:24:46 | info-	MONGOD CONNECTED SUCCESSFULLY ЁЯемЁЯем
2025-11-29 22:24:56 | info-	MONGOD CONNECTED SUCCESSFULLY ЁЯемЁЯем
2025-11-29 22:24:56 | info-	MONGOD CONNECTED SUCCESSFULLY ЁЯемЁЯем
2025-11-29 22:25:01 | info-	MONGOD CONNECTED SUCCESSFULLY ЁЯемЁЯем
2025-11-29 22:25:02 | info-	MONGOD CONNECTED SUCCESSFULLY ЁЯемЁЯем
2025-11-29 22:25:05 | info-	MONGOD CONNECTED SUCCESSFULLY ЁЯемЁЯем
2025-11-29 22:25:08 | info-	MONGOD CONNECTED SUCCESSFULLY ЁЯемЁЯем
2025-11-29 22:25:10 | info-	MONGOD CONNECTED SUCCESSFULLY ЁЯемЁЯем
2025-11-29 22:25:11 | info-	MONGOD CONNECTED SUCCESSFULLY ЁЯемЁЯем
2025-11-29 22:25:42 | info-	MONGOD CONNECTED SUCCESSFULLY ЁЯемЁЯем
2025-11-29 22:25:44 | info-	MONGOD CONNECTED SUCCESSFULLY ЁЯемЁЯем
2025-11-29 22:25:46 | info-	MONGOD CONNECTED SUCCESSFULLY ЁЯемЁЯем
2025-11-29 22:25:48 | info-	MONGOD CONNECTED SUCCESSFULLY ЁЯемЁЯем
2025-11-29 22:25:53 | info-	MONGOD CONNECTED SUCCESSFULLY ЁЯемЁЯем
2025-11-29 22:25:56 | info-	MONGOD CONNECTED SUCCESSFULLY ЁЯемЁЯем
2025-11-29 22:26:04 | info-	MONGOD CONNECTED SUCCESSFULLY ЁЯемЁЯем
2025-11-29 22:26:38 | info-	MONGOD CONNECTED SUCCESSFULLY ЁЯемЁЯем
2025-11-29 22:26:41 | info-	MONGOD CONNECTED SUCCESSFULLY ЁЯемЁЯем
2025-11-29 22:26:43 | info-	MONGOD CONNECTED SUCCESSFULLY ЁЯемЁЯем
2025-11-29 22:26:46 | info-	MONGOD CONNECTED SUCCESSFULLY ЁЯемЁЯем
2025-11-29 22:26:51 | info-	MONGOD CONNECTED SUCCESSFULLY ЁЯемЁЯем
2025-11-29 22:26:54 | info-	MONGOD CONNECTED SUCCESSFULLY ЁЯемЁЯем
2025-11-29 22:26:56 | info-	MONGOD CONNECTED SUCCESSFULLY ЁЯемЁЯем
2025-11-29 22:26:58 | info-	MONGOD CONNECTED SUCCESSFULLY ЁЯемЁЯем
2025-11-29 22:27:00 | info-	MONGOD CONNECTED SUCCESSFULLY ЁЯемЁЯем
2025-11-29 22:27:03 | info-	MONGOD CONNECTED SUCCESSFULLY ЁЯемЁЯем
2025-11-29 22:27:39 | info-	MONGOD CONNECTED SUCCESSFULLY ЁЯемЁЯем
2025-11-29 22:27:41 | info-	MONGOD CONNECTED SUCCESSFULLY ЁЯемЁЯем
2025-11-29 22:27:45 | info-	MONGOD CONNECTED SUCCESSFULLY ЁЯемЁЯем
2025-11-29 22:27:53 | info-	MONGOD CONNECTED SUCCESSFULLY ЁЯемЁЯем
2025-11-29 22:28:00 | info-	MONGOD CONNECTED SUCCESSFULLY ЁЯемЁЯем
2025-11-29 22:28:01 | info-	MONGOD CONNECTED SUCCESSFULLY ЁЯемЁЯем
2025-11-29 22:28:03 | info-	MONGOD CONNECTED SUCCESSFULLY ЁЯемЁЯем
2025-11-29 22:28:06 | info-	MONGOD CONNECTED SUCCESSFULLY ЁЯемЁЯем
2025-11-29 22:28:09 | info-	MONGOD CONNECTED SUCCESSFULLY ЁЯемЁЯем
2025-11-29 22:28:19 | info-	MONGOD CONNECTED SUCCESSFULLY ЁЯемЁЯем
2025-11-29 22:28:25 | info-	MONGOD CONNECTED SUCCESSFULLY ЁЯемЁЯем
2025-11-29 22:28:27 | info-	MONGOD CONNECTED SUCCESSFULLY ЁЯемЁЯем
2025-11-29 22:28:30 | info-	MONGOD CONNECTED SUCCESSFULLY ЁЯемЁЯем
2025-11-29 22:28:31 | info-	MONGOD CONNECTED SUCCESSFULLY ЁЯемЁЯем
2025-11-29 22:28:34 | info-	MONGOD CONNECTED SUCCESSFULLY ЁЯемЁЯем
2025-11-29 22:28:37 | info-	MONGOD CONNECTED SUCCESSFULLY ЁЯемЁЯем
2025-11-29 22:28:39 | info-	MONGOD CONNECTED SUCCESSFULLY ЁЯемЁЯем
2025-11-29 22:28:40 | info-	MONGOD CONNECTED SUCCESSFULLY ЁЯемЁЯем
2025-11-29 22:28:45 | info-	MONGOD CONNECTED SUCCESSFULLY ЁЯемЁЯем
2025-11-29 22:28:48 | info-	MONGOD CONNECTED SUCCESSFULLY ЁЯемЁЯем
2025-11-29 22:28:49 | info-	MONGOD CONNECTED SUCCESSFULLY ЁЯемЁЯем
2025-11-29 22:28:51 | info-	MONGOD CONNECTED SUCCESSFULLY ЁЯемЁЯем
2025-11-29 22:29:00 | info-	MONGOD CONNECTED SUCCESSFULLY ЁЯемЁЯем
2025-11-29 22:29:02 | info-	MONGOD CONNECTED SUCCESSFULLY ЁЯемЁЯем
2025-11-29 22:29:08 | info-	MONGOD CONNECTED SUCCESSFULLY ЁЯемЁЯем
2025-11-29 22:29:18 | info-	MONGOD CONNECTED SUCCESSFULLY ЁЯемЁЯем
2025-11-29 22:29:19 | info-	MONGOD CONNECTED SUCCESSFULLY ЁЯемЁЯем
2025-11-29 22:29:22 | info-	MONGOD CONNECTED SUCCESSFULLY ЁЯемЁЯем
2025-11-29 22:29:26 | info-	MONGOD CONNECTED SUCCESSFULLY ЁЯемЁЯем
2025-11-29 22:29:29 | info-	MONGOD CONNECTED SUCCESSFULLY ЁЯемЁЯем
2025-11-29 22:35:43 | info-	User logged in: 692b10e36e46bbf619314ee9
2025-11-29 22:35:43 | info-	Access granted to user: 692b10e36e46bbf619314ee9
2025-11-29 22:37:23 | info-	MONGOD CONNECTED SUCCESSFULLY ЁЯемЁЯем
2025-11-29 22:37:28 | info-	MONGOD CONNECTED SUCCESSFULLY ЁЯемЁЯем
2025-11-29 22:37:30 | info-	MONGOD CONNECTED SUCCESSFULLY ЁЯемЁЯем
2025-11-29 22:37:36 | info-	MONGOD CONNECTED SUCCESSFULLY ЁЯемЁЯем
2025-11-29 22:37:40 | info-	MONGOD CONNECTED SUCCESSFULLY ЁЯемЁЯем
2025-11-29 22:37:43 | info-	MONGOD CONNECTED SUCCESSFULLY ЁЯемЁЯем
2025-11-29 22:38:44 | info-	MONGOD CONNECTED SUCCESSFULLY ЁЯемЁЯем
2025-11-29 23:01:47 | info-	MONGOD CONNECTED SUCCESSFULLY ЁЯемЁЯем
2025-11-29 23:01:53 | info-	MONGOD CONNECTED SUCCESSFULLY ЁЯемЁЯем
2025-11-29 23:02:32 | info-	MONGOD CONNECTED SUCCESSFULLY ЁЯемЁЯем
2025-11-29 23:02:34 | info-	MONGOD CONNECTED SUCCESSFULLY ЁЯемЁЯем
2025-11-29 23:02:39 | info-	MONGOD CONNECTED SUCCESSFULLY ЁЯемЁЯем
2025-11-29 23:02:42 | info-	MONGOD CONNECTED SUCCESSFULLY ЁЯемЁЯем
2025-11-29 23:02:46 | info-	MONGOD CONNECTED SUCCESSFULLY ЁЯемЁЯем
2025-11-29 23:03:29 | info-	MONGOD CONNECTED SUCCESSFULLY ЁЯемЁЯем
2025-11-29 23:03:32 | info-	MONGOD CONNECTED SUCCESSFULLY ЁЯемЁЯем
2025-11-29 23:03:46 | info-	MONGOD CONNECTED SUCCESSFULLY ЁЯемЁЯем
2025-11-29 23:04:20 | info-	MONGOD CONNECTED SUCCESSFULLY ЁЯемЁЯем
2025-11-29 23:04:26 | info-	MONGOD CONNECTED SUCCESSFULLY ЁЯемЁЯем
2025-11-29 23:04:28 | info-	MONGOD CONNECTED SUCCESSFULLY ЁЯемЁЯем
2025-11-29 23:04:34 | info-	MONGOD CONNECTED SUCCESSFULLY ЁЯемЁЯем
2025-11-29 23:04:36 | info-	MONGOD CONNECTED SUCCESSFULLY ЁЯемЁЯем
2025-11-29 23:04:37 | info-	MONGOD CONNECTED SUCCESSFULLY ЁЯемЁЯем
2025-11-29 23:04:41 | info-	MONGOD CONNECTED SUCCESSFULLY ЁЯемЁЯем
2025-11-29 23:04:44 | info-	MONGOD CONNECTED SUCCESSFULLY ЁЯемЁЯем
2025-11-29 23:04:47 | info-	MONGOD CONNECTED SUCCESSFULLY ЁЯемЁЯем
2025-11-29 23:04:57 | info-	MONGOD CONNECTED SUCCESSFULLY ЁЯемЁЯем
2025-11-29 23:05:06 | info-	MONGOD CONNECTED SUCCESSFULLY ЁЯемЁЯем
2025-11-29 23:05:10 | info-	MONGOD CONNECTED SUCCESSFULLY ЁЯемЁЯем
2025-11-29 23:05:16 | info-	MONGOD CONNECTED SUCCESSFULLY ЁЯемЁЯем
2025-11-29 23:05:18 | info-	MONGOD CONNECTED SUCCESSFULLY ЁЯемЁЯем
2025-11-29 23:05:21 | info-	MONGOD CONNECTED SUCCESSFULLY ЁЯемЁЯем
2025-11-29 23:05:23 | info-	MONGOD CONNECTED SUCCESSFULLY ЁЯемЁЯем
2025-11-29 23:05:27 | info-	MONGOD CONNECTED SUCCESSFULLY ЁЯемЁЯем
2025-11-29 23:05:30 | info-	MONGOD CONNECTED SUCCESSFULLY ЁЯемЁЯем
2025-11-29 23:05:40 | info-	MONGOD CONNECTED SUCCESSFULLY ЁЯемЁЯем
2025-11-29 23:05:42 | info-	MONGOD CONNECTED SUCCESSFULLY ЁЯемЁЯем
2025-11-29 23:05:45 | info-	MONGOD CONNECTED SUCCESSFULLY ЁЯемЁЯем
2025-11-29 23:05:59 | info-	MONGOD CONNECTED SUCCESSFULLY ЁЯемЁЯем
2025-11-29 23:06:10 | info-	MONGOD CONNECTED SUCCESSFULLY ЁЯемЁЯем
2025-11-29 23:06:12 | info-	MONGOD CONNECTED SUCCESSFULLY ЁЯемЁЯем
2025-11-29 23:06:13 | info-	MONGOD CONNECTED SUCCESSFULLY ЁЯемЁЯем
2025-11-29 23:06:18 | info-	MONGOD CONNECTED SUCCESSFULLY ЁЯемЁЯем
2025-11-29 23:06:22 | info-	MONGOD CONNECTED SUCCESSFULLY ЁЯемЁЯем
2025-11-29 23:06:25 | info-	MONGOD CONNECTED SUCCESSFULLY ЁЯемЁЯем
2025-11-29 23:06:27 | info-	MONGOD CONNECTED SUCCESSFULLY ЁЯемЁЯем
2025-11-29 23:06:30 | info-	MONGOD CONNECTED SUCCESSFULLY ЁЯемЁЯем
2025-11-29 23:06:32 | info-	MONGOD CONNECTED SUCCESSFULLY ЁЯемЁЯем
2025-11-29 23:06:36 | info-	MONGOD CONNECTED SUCCESSFULLY ЁЯемЁЯем
2025-11-29 23:07:03 | info-	MONGOD CONNECTED SUCCESSFULLY ЁЯемЁЯем
2025-11-29 23:07:08 | info-	MONGOD CONNECTED SUCCESSFULLY ЁЯемЁЯем
2025-11-29 23:07:09 | info-	MONGOD CONNECTED SUCCESSFULLY ЁЯемЁЯем
2025-11-29 23:07:16 | info-	MONGOD CONNECTED SUCCESSFULLY ЁЯемЁЯем
2025-11-29 23:07:20 | info-	MONGOD CONNECTED SUCCESSFULLY ЁЯемЁЯем
2025-11-29 23:12:30 | info-	MONGOD CONNECTED SUCCESSFULLY ЁЯемЁЯем
2025-11-29 23:13:52 | info-	MONGOD CONNECTED SUCCESSFULLY ЁЯемЁЯем
2025-11-29 23:13:54 | info-	MONGOD CONNECTED SUCCESSFULLY ЁЯемЁЯем
2025-11-29 23:13:57 | info-	MONGOD CONNECTED SUCCESSFULLY ЁЯемЁЯем
2025-11-29 23:14:00 | info-	MONGOD CONNECTED SUCCESSFULLY ЁЯемЁЯем
2025-11-29 23:17:15 | info-	User logged in: 692b10e36e46bbf619314ee9
2025-11-29 23:17:15 | info-	Access granted to user: 692b10e36e46bbf619314ee9
2025-11-29 23:17:18 | info-	Access granted to user: 692b10e36e46bbf619314ee9
2025-11-29 23:17:18 | info-	User logged out: 692b10e36e46bbf619314ee9
2025-11-29 23:18:14 | info-	User logged in: 692b10e36e46bbf619314ee9
2025-11-29 23:18:14 | info-	Access granted to user: 692b10e36e46bbf619314ee9
2025-11-29 23:18:19 | info-	Access granted to user: 692b10e36e46bbf619314ee9
2025-11-29 23:18:19 | info-	User logged out: 692b10e36e46bbf619314ee9
2025-11-29 23:18:58 | info-	User logged in: 692b10e36e46bbf619314ee9
2025-11-29 23:18:58 | info-	Access granted to user: 692b10e36e46bbf619314ee9
2025-11-29 23:19:00 | info-	Access granted to user: 692b10e36e46bbf619314ee9
2025-11-29 23:19:00 | info-	User logged out: 692b10e36e46bbf619314ee9
